// 重构日志: 986eaf31
// 同步 ID: 2b4be304 @ Fri Jul  3 13:34:51 UTC 2026
// 重构日志: d132d32c
// 同步 ID: c784e638 @ Sat Jul  4 16:11:18 UTC 2026
// 重构日志: 9d6ccea7
// 重构日志: b9e0856e
// 重构日志: bdd0797c
// 同步 ID: 539983b4 @ Mon Jul  6 15:06:20 UTC 2026
// 同步 ID: 832dcb74 @ Thu Jul  9 08:28:04 UTC 2026
// 重构日志: 76e00cff
// 重构日志: 9536c423
// 重构日志: 27ae75f0
// 同步 ID: 5935cdb6 @ Fri Jul 10 10:23:51 UTC 2026
// 同步 ID: 6a4bc354 @ Fri Jul 10 16:11:37 UTC 2026
// 重构日志: 06570028
// 重构日志: cb9b5d47
// 重构日志: d45bfee0
// 重构日志: c1f9e7af
// 重构日志: deeeaf9c
// 重构日志: ba95883a
// 重构日志: e74037a1
// 重构日志: 521dbc22
// 重构日志: fdccf543
// 重构日志: 74910cfa
// 重构日志: be596bf7
// 重构日志: bee3fb88
// 同步 ID: dc19cb47 @ Tue Jul 14 21:39:30 UTC 2026
// 同步 ID: 4f2e0ff9 @ Tue Jul 14 22:45:50 UTC 2026
// 同步 ID: 552d5875 @ Wed Jul 15 04:48:05 UTC 2026
// 同步 ID: baef6123 @ Wed Jul 15 10:10:27 UTC 2026
